SF:D:\Programming\Apps\7in14\7in14-dotnet\7in14\Program.cs
DA:16,0
DA:17,0
DA:18,0
DA:21,0
DA:22,0
DA:23,0
end_of_record
SF:D:\Programming\Apps\7in14\7in14-dotnet\7in14\Startup.cs
DA:10,1
DA:11,1
DA:12,1
DA:13,1
DA:15,0
DA:19,1
DA:20,1
DA:21,1
DA:25,1
DA:26,1
DA:27,0
DA:28,0
DA:29,0
DA:31,1
DA:32,1
end_of_record
SF:D:\Programming\Apps\7in14\7in14-dotnet\7in14\Controllers\DataSourceController.cs
DA:12,0
DA:13,0
DA:14,0
DA:19,0
DA:20,0
DA:21,0
DA:26,0
DA:27,0
DA:32,0
DA:33,0
DA:38,0
DA:39,0
end_of_record
SF:D:\Programming\Apps\7in14\7in14-dotnet\7in14\Controllers\FileController.cs
DA:14,1
DA:15,1
DA:17,1
DA:19,1
DA:20,1
DA:21,1
DA:22,1
DA:24,1
DA:25,1
end_of_record
SF:D:\Programming\Apps\7in14\7in14-dotnet\7in14\Controllers\PingController.cs
DA:11,1
DA:12,1
DA:13,1
end_of_record